<?xml version="1.0" encoding="UTF-8"?>
<coverage generated="1563710561979" clover="3.2.0">
  <project timestamp="1563710561979" name="All files">
    <metrics statements="31" coveredstatements="31" conditionals="53" coveredconditionals="51" methods="17" coveredmethods="17" elements="101" coveredelements="99" complexity="0" loc="31" ncloc="31" packages="1" files="1" classes="1"/>
    <file name="ch.js" path="/Users/lcluber/Projects/github/Ch.js/dist/ch.js">
      <metrics statements="31" coveredstatements="31" conditionals="53" coveredconditionals="51" methods="17" coveredmethods="17"/>
      <line num="14" count="19" type="stmt"/>
      <line num="17" count="19" type="cond" truecount="2" falsecount="0"/>
      <line num="18" count="16" type="stmt"/>
      <line num="20" count="3" type="stmt"/>
      <line num="21" count="3" type="stmt"/>
      <line num="24" count="2" type="stmt"/>
      <line num="26" count="1" type="stmt"/>
      <line num="29" count="19" type="cond" truecount="2" falsecount="0"/>
      <line num="30" count="16" type="stmt"/>
      <line num="31" count="16" type="cond" truecount="2" falsecount="0"/>
      <line num="33" count="3" type="stmt"/>
      <line num="36" count="19" type="cond" truecount="3" falsecount="0"/>
      <line num="39" count="24" type="cond" truecount="2" falsecount="0"/>
      <line num="42" count="30" type="cond" truecount="2" falsecount="0"/>
      <line num="43" count="14" type="cond" truecount="5" falsecount="0"/>
      <line num="45" count="16" type="stmt"/>
      <line num="48" count="125" type="stmt"/>
      <line num="51" count="47" type="cond" truecount="2" falsecount="0"/>
      <line num="54" count="38" type="cond" truecount="2" falsecount="0"/>
      <line num="57" count="38" type="stmt"/>
      <line num="60" count="19" type="cond" truecount="2" falsecount="0"/>
      <line num="61" count="16" type="cond" truecount="1" falsecount="1"/>
      <line num="69" count="3" type="stmt"/>
      <line num="72" count="19" type="cond" truecount="2" falsecount="0"/>
      <line num="73" count="16" type="cond" truecount="1" falsecount="1"/>
      <line num="80" count="3" type="stmt"/>
      <line num="83" count="19" type="cond" truecount="2" falsecount="0"/>
      <line num="86" count="19" type="cond" truecount="4" falsecount="0"/>
      <line num="89" count="19" type="cond" truecount="2" falsecount="0"/>
      <line num="92" count="19" type="cond" truecount="4" falsecount="0"/>
      <line num="95" count="19" type="cond" truecount="2" falsecount="0"/>
    </file>
  </project>
</coverage>
