{"/Users/lcluber/Projects/github/Ch.js/dist/ch.js": {"path":"/Users/lcluber/Projects/github/Ch.js/dist/ch.js","statementMap":{"0":{"start":{"line":14,"column":4},"end":{"line":14,"column":37}},"1":{"start":{"line":17,"column":4},"end":{"line":19,"column":5}},"2":{"start":{"line":18,"column":8},"end":{"line":18,"column":21}},"3":{"start":{"line":20,"column":4},"end":{"line":25,"column":5}},"4":{"start":{"line":21,"column":8},"end":{"line":21,"column":24}},"5":{"start":{"line":24,"column":8},"end":{"line":24,"column":21}},"6":{"start":{"line":26,"column":4},"end":{"line":26,"column":16}},"7":{"start":{"line":29,"column":4},"end":{"line":32,"column":5}},"8":{"start":{"line":30,"column":24},"end":{"line":30,"column":26}},"9":{"start":{"line":31,"column":8},"end":{"line":31,"column":75}},"10":{"start":{"line":33,"column":4},"end":{"line":33,"column":17}},"11":{"start":{"line":36,"column":4},"end":{"line":36,"column":77}},"12":{"start":{"line":39,"column":4},"end":{"line":39,"column":57}},"13":{"start":{"line":42,"column":4},"end":{"line":44,"column":5}},"14":{"start":{"line":43,"column":8},"end":{"line":43,"column":84}},"15":{"start":{"line":45,"column":4},"end":{"line":45,"column":17}},"16":{"start":{"line":48,"column":16},"end":{"line":48,"column":36}},"17":{"start":{"line":49,"column":4},"end":{"line":49,"column":54}},"18":{"start":{"line":52,"column":24},"end":{"line":52,"column":40}},"19":{"start":{"line":53,"column":4},"end":{"line":55,"column":50}},"20":{"start":{"line":58,"column":4},"end":{"line":58,"column":48}},"21":{"start":{"line":61,"column":4},"end":{"line":61,"column":38}},"22":{"start":{"line":64,"column":4},"end":{"line":72,"column":5}},"23":{"start":{"line":65,"column":8},"end":{"line":71,"column":57}},"24":{"start":{"line":73,"column":4},"end":{"line":73,"column":17}},"25":{"start":{"line":76,"column":4},"end":{"line":152,"column":5}},"26":{"start":{"line":149,"column":12},"end":{"line":149,"column":24}},"27":{"start":{"line":151,"column":12},"end":{"line":151,"column":25}},"28":{"start":{"line":155,"column":4},"end":{"line":162,"column":5}},"29":{"start":{"line":156,"column":8},"end":{"line":161,"column":50}},"30":{"start":{"line":163,"column":4},"end":{"line":163,"column":17}},"31":{"start":{"line":166,"column":4},"end":{"line":166,"column":46}},"32":{"start":{"line":169,"column":4},"end":{"line":169,"column":58}},"33":{"start":{"line":172,"column":4},"end":{"line":172,"column":39}},"34":{"start":{"line":175,"column":4},"end":{"line":175,"column":57}},"35":{"start":{"line":178,"column":4},"end":{"line":178,"column":37}}},"fnMap":{"0":{"name":"isBoolean","decl":{"start":{"line":13,"column":9},"end":{"line":13,"column":18}},"loc":{"start":{"line":13,"column":25},"end":{"line":15,"column":1}},"line":13},"1":{"name":"isJson","decl":{"start":{"line":16,"column":9},"end":{"line":16,"column":15}},"loc":{"start":{"line":16,"column":21},"end":{"line":27,"column":1}},"line":16},"2":{"name":"isFunction","decl":{"start":{"line":28,"column":9},"end":{"line":28,"column":19}},"loc":{"start":{"line":28,"column":26},"end":{"line":34,"column":1}},"line":28},"3":{"name":"isObject","decl":{"start":{"line":35,"column":9},"end":{"line":35,"column":17}},"loc":{"start":{"line":35,"column":26},"end":{"line":37,"column":1}},"line":35},"4":{"name":"isArray","decl":{"start":{"line":38,"column":9},"end":{"line":38,"column":16}},"loc":{"start":{"line":38,"column":24},"end":{"line":40,"column":1}},"line":38},"5":{"name":"isAscii","decl":{"start":{"line":41,"column":9},"end":{"line":41,"column":16}},"loc":{"start":{"line":41,"column":40},"end":{"line":46,"column":1}},"line":41},"6":{"name":"isInteger","decl":{"start":{"line":47,"column":9},"end":{"line":47,"column":18}},"loc":{"start":{"line":47,"column":45},"end":{"line":50,"column":1}},"line":47},"7":{"name":"isFloat","decl":{"start":{"line":51,"column":9},"end":{"line":51,"column":16}},"loc":{"start":{"line":51,"column":43},"end":{"line":56,"column":1}},"line":51},"8":{"name":"isNumber","decl":{"start":{"line":57,"column":9},"end":{"line":57,"column":17}},"loc":{"start":{"line":57,"column":26},"end":{"line":59,"column":1}},"line":57},"9":{"name":"isString","decl":{"start":{"line":60,"column":9},"end":{"line":60,"column":17}},"loc":{"start":{"line":60,"column":26},"end":{"line":62,"column":1}},"line":60},"10":{"name":"isHtmlElement","decl":{"start":{"line":63,"column":9},"end":{"line":63,"column":22}},"loc":{"start":{"line":63,"column":36},"end":{"line":74,"column":1}},"line":63},"11":{"name":"isHtmlEventAttribute","decl":{"start":{"line":75,"column":9},"end":{"line":75,"column":29}},"loc":{"start":{"line":75,"column":50},"end":{"line":153,"column":1}},"line":75},"12":{"name":"isNode","decl":{"start":{"line":154,"column":9},"end":{"line":154,"column":15}},"loc":{"start":{"line":154,"column":22},"end":{"line":164,"column":1}},"line":154},"13":{"name":"isEven","decl":{"start":{"line":165,"column":9},"end":{"line":165,"column":15}},"loc":{"start":{"line":165,"column":24},"end":{"line":167,"column":1}},"line":165},"14":{"name":"isOdd","decl":{"start":{"line":168,"column":9},"end":{"line":168,"column":14}},"loc":{"start":{"line":168,"column":23},"end":{"line":170,"column":1}},"line":168},"15":{"name":"isOrigin","decl":{"start":{"line":171,"column":9},"end":{"line":171,"column":17}},"loc":{"start":{"line":171,"column":26},"end":{"line":173,"column":1}},"line":171},"16":{"name":"isPositive","decl":{"start":{"line":174,"column":9},"end":{"line":174,"column":19}},"loc":{"start":{"line":174,"column":28},"end":{"line":176,"column":1}},"line":174},"17":{"name":"isNegative","decl":{"start":{"line":177,"column":9},"end":{"line":177,"column":19}},"loc":{"start":{"line":177,"column":28},"end":{"line":179,"column":1}},"line":177}},"branchMap":{"0":{"loc":{"start":{"line":17,"column":4},"end":{"line":19,"column":5}},"type":"if","locations":[{"start":{"line":17,"column":4},"end":{"line":19,"column":5}},{"start":{"line":17,"column":4},"end":{"line":19,"column":5}}],"line":17},"1":{"loc":{"start":{"line":29,"column":4},"end":{"line":32,"column":5}},"type":"if","locations":[{"start":{"line":29,"column":4},"end":{"line":32,"column":5}},{"start":{"line":29,"column":4},"end":{"line":32,"column":5}}],"line":29},"2":{"loc":{"start":{"line":31,"column":15},"end":{"line":31,"column":74}},"type":"binary-expr","locations":[{"start":{"line":31,"column":15},"end":{"line":31,"column":19}},{"start":{"line":31,"column":23},"end":{"line":31,"column":74}}],"line":31},"3":{"loc":{"start":{"line":36,"column":11},"end":{"line":36,"column":76}},"type":"binary-expr","locations":[{"start":{"line":36,"column":11},"end":{"line":36,"column":26}},{"start":{"line":36,"column":30},"end":{"line":36,"column":56}},{"start":{"line":36,"column":60},"end":{"line":36,"column":76}}],"line":36},"4":{"loc":{"start":{"line":39,"column":11},"end":{"line":39,"column":56}},"type":"binary-expr","locations":[{"start":{"line":39,"column":11},"end":{"line":39,"column":25}},{"start":{"line":39,"column":29},"end":{"line":39,"column":56}}],"line":39},"5":{"loc":{"start":{"line":41,"column":23},"end":{"line":41,"column":38}},"type":"default-arg","locations":[{"start":{"line":41,"column":34},"end":{"line":41,"column":38}}],"line":41},"6":{"loc":{"start":{"line":42,"column":4},"end":{"line":44,"column":5}},"type":"if","locations":[{"start":{"line":42,"column":4},"end":{"line":44,"column":5}},{"start":{"line":42,"column":4},"end":{"line":44,"column":5}}],"line":42},"7":{"loc":{"start":{"line":43,"column":15},"end":{"line":43,"column":83}},"type":"binary-expr","locations":[{"start":{"line":43,"column":16},"end":{"line":43,"column":24}},{"start":{"line":43,"column":28},"end":{"line":43,"column":37}},{"start":{"line":43,"column":41},"end":{"line":43,"column":52}},{"start":{"line":43,"column":58},"end":{"line":43,"column":67}},{"start":{"line":43,"column":71},"end":{"line":43,"column":82}}],"line":43},"8":{"loc":{"start":{"line":47,"column":27},"end":{"line":47,"column":43}},"type":"default-arg","locations":[{"start":{"line":47,"column":39},"end":{"line":47,"column":43}}],"line":47},"9":{"loc":{"start":{"line":49,"column":11},"end":{"line":49,"column":53}},"type":"cond-expr","locations":[{"start":{"line":49,"column":23},"end":{"line":49,"column":37}},{"start":{"line":49,"column":40},"end":{"line":49,"column":53}}],"line":49},"10":{"loc":{"start":{"line":51,"column":25},"end":{"line":51,"column":41}},"type":"default-arg","locations":[{"start":{"line":51,"column":37},"end":{"line":51,"column":41}}],"line":51},"11":{"loc":{"start":{"line":53,"column":11},"end":{"line":55,"column":49}},"type":"cond-expr","locations":[{"start":{"line":54,"column":10},"end":{"line":54,"column":50}},{"start":{"line":55,"column":10},"end":{"line":55,"column":49}}],"line":53},"12":{"loc":{"start":{"line":54,"column":10},"end":{"line":54,"column":50}},"type":"binary-expr","locations":[{"start":{"line":54,"column":10},"end":{"line":54,"column":35}},{"start":{"line":54,"column":39},"end":{"line":54,"column":50}}],"line":54},"13":{"loc":{"start":{"line":55,"column":10},"end":{"line":55,"column":49}},"type":"binary-expr","locations":[{"start":{"line":55,"column":10},"end":{"line":55,"column":34}},{"start":{"line":55,"column":38},"end":{"line":55,"column":49}}],"line":55},"14":{"loc":{"start":{"line":58,"column":11},"end":{"line":58,"column":47}},"type":"binary-expr","locations":[{"start":{"line":58,"column":11},"end":{"line":58,"column":28}},{"start":{"line":58,"column":32},"end":{"line":58,"column":47}}],"line":58},"15":{"loc":{"start":{"line":64,"column":4},"end":{"line":72,"column":5}},"type":"if","locations":[{"start":{"line":64,"column":4},"end":{"line":72,"column":5}},{"start":{"line":64,"column":4},"end":{"line":72,"column":5}}],"line":64},"16":{"loc":{"start":{"line":65,"column":15},"end":{"line":71,"column":56}},"type":"cond-expr","locations":[{"start":{"line":66,"column":14},"end":{"line":66,"column":48}},{"start":{"line":67,"column":14},"end":{"line":71,"column":56}}],"line":65},"17":{"loc":{"start":{"line":67,"column":14},"end":{"line":71,"column":56}},"type":"binary-expr","locations":[{"start":{"line":67,"column":14},"end":{"line":67,"column":25}},{"start":{"line":68,"column":16},"end":{"line":68,"column":47}},{"start":{"line":69,"column":16},"end":{"line":69,"column":36}},{"start":{"line":70,"column":16},"end":{"line":70,"column":42}},{"start":{"line":71,"column":16},"end":{"line":71,"column":56}}],"line":67},"18":{"loc":{"start":{"line":76,"column":4},"end":{"line":152,"column":5}},"type":"switch","locations":[{"start":{"line":77,"column":8},"end":{"line":77,"column":28}},{"start":{"line":78,"column":8},"end":{"line":78,"column":29}},{"start":{"line":79,"column":8},"end":{"line":79,"column":30}},{"start":{"line":80,"column":8},"end":{"line":80,"column":23}},{"start":{"line":81,"column":8},"end":{"line":81,"column":28}},{"start":{"line":82,"column":8},"end":{"line":82,"column":22}},{"start":{"line":83,"column":8},"end":{"line":83,"column":25}},{"start":{"line":84,"column":8},"end":{"line":84,"column":25}},{"start":{"line":85,"column":8},"end":{"line":85,"column":24}},{"start":{"line":86,"column":8},"end":{"line":86,"column":26}},{"start":{"line":87,"column":8},"end":{"line":87,"column":26}},{"start":{"line":88,"column":8},"end":{"line":88,"column":26}},{"start":{"line":89,"column":8},"end":{"line":89,"column":24}},{"start":{"line":90,"column":8},"end":{"line":90,"column":25}},{"start":{"line":91,"column":8},"end":{"line":91,"column":24}},{"start":{"line":92,"column":8},"end":{"line":92,"column":22}},{"start":{"line":93,"column":8},"end":{"line":93,"column":24}},{"start":{"line":94,"column":8},"end":{"line":94,"column":29}},{"start":{"line":95,"column":8},"end":{"line":95,"column":23}},{"start":{"line":96,"column":8},"end":{"line":96,"column":23}},{"start":{"line":97,"column":8},"end":{"line":97,"column":25}},{"start":{"line":98,"column":8},"end":{"line":98,"column":23}},{"start":{"line":99,"column":8},"end":{"line":99,"column":24}},{"start":{"line":100,"column":8},"end":{"line":100,"column":24}},{"start":{"line":101,"column":8},"end":{"line":101,"column":24}},{"start":{"line":102,"column":8},"end":{"line":102,"column":25}},{"start":{"line":103,"column":8},"end":{"line":103,"column":26}},{"start":{"line":104,"column":8},"end":{"line":104,"column":23}},{"start":{"line":105,"column":8},"end":{"line":105,"column":23}},{"start":{"line":106,"column":8},"end":{"line":106,"column":26}},{"start":{"line":107,"column":8},"end":{"line":107,"column":27}},{"start":{"line":108,"column":8},"end":{"line":108,"column":27}},{"start":{"line":109,"column":8},"end":{"line":109,"column":26}},{"start":{"line":110,"column":8},"end":{"line":110,"column":27}},{"start":{"line":111,"column":8},"end":{"line":111,"column":25}},{"start":{"line":112,"column":8},"end":{"line":112,"column":28}},{"start":{"line":113,"column":8},"end":{"line":113,"column":23}},{"start":{"line":114,"column":8},"end":{"line":114,"column":22}},{"start":{"line":115,"column":8},"end":{"line":115,"column":25}},{"start":{"line":116,"column":8},"end":{"line":116,"column":27}},{"start":{"line":117,"column":8},"end":{"line":117,"column":27}},{"start":{"line":118,"column":8},"end":{"line":118,"column":26}},{"start":{"line":119,"column":8},"end":{"line":119,"column":27}},{"start":{"line":120,"column":8},"end":{"line":120,"column":22}},{"start":{"line":121,"column":8},"end":{"line":121,"column":24}},{"start":{"line":122,"column":8},"end":{"line":122,"column":22}},{"start":{"line":123,"column":8},"end":{"line":123,"column":21}},{"start":{"line":124,"column":8},"end":{"line":124,"column":23}},{"start":{"line":125,"column":8},"end":{"line":125,"column":23}},{"start":{"line":126,"column":8},"end":{"line":126,"column":25}},{"start":{"line":127,"column":8},"end":{"line":127,"column":32}},{"start":{"line":128,"column":8},"end":{"line":128,"column":27}},{"start":{"line":129,"column":8},"end":{"line":129,"column":32}},{"start":{"line":130,"column":8},"end":{"line":130,"column":25}},{"start":{"line":131,"column":8},"end":{"line":131,"column":23}},{"start":{"line":132,"column":8},"end":{"line":132,"column":23}},{"start":{"line":133,"column":8},"end":{"line":133,"column":28}},{"start":{"line":134,"column":8},"end":{"line":134,"column":32}},{"start":{"line":135,"column":8},"end":{"line":135,"column":27}},{"start":{"line":136,"column":8},"end":{"line":136,"column":23}},{"start":{"line":137,"column":8},"end":{"line":137,"column":22}},{"start":{"line":138,"column":8},"end":{"line":138,"column":25}},{"start":{"line":139,"column":8},"end":{"line":139,"column":26}},{"start":{"line":140,"column":8},"end":{"line":140,"column":28}},{"start":{"line":141,"column":8},"end":{"line":141,"column":24}},{"start":{"line":142,"column":8},"end":{"line":142,"column":25}},{"start":{"line":143,"column":8},"end":{"line":143,"column":25}},{"start":{"line":144,"column":8},"end":{"line":144,"column":25}},{"start":{"line":145,"column":8},"end":{"line":145,"column":28}},{"start":{"line":146,"column":8},"end":{"line":146,"column":30}},{"start":{"line":147,"column":8},"end":{"line":147,"column":25}},{"start":{"line":148,"column":8},"end":{"line":149,"column":24}},{"start":{"line":150,"column":8},"end":{"line":151,"column":25}}],"line":76},"19":{"loc":{"start":{"line":155,"column":4},"end":{"line":162,"column":5}},"type":"if","locations":[{"start":{"line":155,"column":4},"end":{"line":162,"column":5}},{"start":{"line":155,"column":4},"end":{"line":162,"column":5}}],"line":155},"20":{"loc":{"start":{"line":156,"column":15},"end":{"line":161,"column":49}},"type":"cond-expr","locations":[{"start":{"line":157,"column":14},"end":{"line":157,"column":34}},{"start":{"line":158,"column":14},"end":{"line":161,"column":49}}],"line":156},"21":{"loc":{"start":{"line":158,"column":14},"end":{"line":161,"column":49}},"type":"binary-expr","locations":[{"start":{"line":158,"column":14},"end":{"line":158,"column":18}},{"start":{"line":159,"column":16},"end":{"line":159,"column":40}},{"start":{"line":160,"column":16},"end":{"line":160,"column":49}},{"start":{"line":161,"column":16},"end":{"line":161,"column":49}}],"line":158},"22":{"loc":{"start":{"line":166,"column":11},"end":{"line":166,"column":45}},"type":"binary-expr","locations":[{"start":{"line":166,"column":11},"end":{"line":166,"column":28}},{"start":{"line":166,"column":32},"end":{"line":166,"column":45}}],"line":166},"23":{"loc":{"start":{"line":169,"column":11},"end":{"line":169,"column":57}},"type":"cond-expr","locations":[{"start":{"line":169,"column":45},"end":{"line":169,"column":49}},{"start":{"line":169,"column":52},"end":{"line":169,"column":57}}],"line":169},"24":{"loc":{"start":{"line":169,"column":11},"end":{"line":169,"column":42}},"type":"binary-expr","locations":[{"start":{"line":169,"column":11},"end":{"line":169,"column":28}},{"start":{"line":169,"column":32},"end":{"line":169,"column":42}}],"line":169},"25":{"loc":{"start":{"line":172,"column":11},"end":{"line":172,"column":38}},"type":"cond-expr","locations":[{"start":{"line":172,"column":26},"end":{"line":172,"column":30}},{"start":{"line":172,"column":33},"end":{"line":172,"column":38}}],"line":172},"26":{"loc":{"start":{"line":175,"column":11},"end":{"line":175,"column":56}},"type":"cond-expr","locations":[{"start":{"line":175,"column":44},"end":{"line":175,"column":48}},{"start":{"line":175,"column":51},"end":{"line":175,"column":56}}],"line":175},"27":{"loc":{"start":{"line":175,"column":11},"end":{"line":175,"column":41}},"type":"binary-expr","locations":[{"start":{"line":175,"column":11},"end":{"line":175,"column":27}},{"start":{"line":175,"column":31},"end":{"line":175,"column":41}}],"line":175},"28":{"loc":{"start":{"line":178,"column":11},"end":{"line":178,"column":36}},"type":"cond-expr","locations":[{"start":{"line":178,"column":24},"end":{"line":178,"column":28}},{"start":{"line":178,"column":31},"end":{"line":178,"column":36}}],"line":178}},"s":{"0":19,"1":19,"2":16,"3":3,"4":3,"5":2,"6":1,"7":19,"8":16,"9":16,"10":3,"11":19,"12":24,"13":32,"14":16,"15":16,"16":137,"17":137,"18":57,"19":57,"20":38,"21":38,"22":19,"23":16,"24":3,"25":21,"26":1,"27":20,"28":19,"29":16,"30":3,"31":19,"32":19,"33":19,"34":19,"35":19},"f":{"0":19,"1":19,"2":19,"3":19,"4":24,"5":32,"6":137,"7":57,"8":38,"9":38,"10":19,"11":21,"12":19,"13":19,"14":19,"15":19,"16":19,"17":19},"b":{"0":[16,3],"1":[16,3],"2":[16,16],"3":[19,18,5],"4":[24,23],"5":[21],"6":[16,16],"7":[16,9,7,11,7],"8":[100],"9":[100,37],"10":[52],"11":[52,5],"12":[52,11],"13":[5,3],"14":[38,28],"15":[16,3],"16":[0,16],"17":[16,16,5,5,1],"18":[0,0,0,0,0,0,0,0,0,0,0,0,0,0,0,0,0,0,0,0,0,0,0,0,0,0,0,0,1,1,1,1,1,1,1,1,1,1,1,1,1,1,1,1,1,1,1,1,1,1,1,1,1,1,1,1,1,1,1,1,1,1,1,1,1,1,1,1,1,1,1,1,20],"19":[16,3],"20":[0,16],"21":[16,16,5,2],"22":[19,5],"23":[2,17],"24":[19,5],"25":[1,18],"26":[3,16],"27":[19,7],"28":[3,16]},"_coverageSchema":"43e27e138ebf9cfc5966b082cf9a028302ed4184","hash":"905e93b7165e95cf04f385a4d7efa7b2f505c152"}
}
