{"/Users/lcluber/Projects/github/Ch.js/dist/ch.js": {"path":"/Users/lcluber/Projects/github/Ch.js/dist/ch.js","statementMap":{"0":{"start":{"line":14,"column":4},"end":{"line":14,"column":37}},"1":{"start":{"line":17,"column":4},"end":{"line":19,"column":5}},"2":{"start":{"line":18,"column":8},"end":{"line":18,"column":21}},"3":{"start":{"line":20,"column":4},"end":{"line":25,"column":5}},"4":{"start":{"line":21,"column":8},"end":{"line":21,"column":24}},"5":{"start":{"line":24,"column":8},"end":{"line":24,"column":21}},"6":{"start":{"line":26,"column":4},"end":{"line":26,"column":16}},"7":{"start":{"line":29,"column":4},"end":{"line":32,"column":5}},"8":{"start":{"line":30,"column":22},"end":{"line":30,"column":24}},"9":{"start":{"line":31,"column":8},"end":{"line":31,"column":75}},"10":{"start":{"line":33,"column":4},"end":{"line":33,"column":17}},"11":{"start":{"line":36,"column":4},"end":{"line":36,"column":77}},"12":{"start":{"line":39,"column":4},"end":{"line":39,"column":57}},"13":{"start":{"line":42,"column":4},"end":{"line":42,"column":49}},"14":{"start":{"line":42,"column":31},"end":{"line":42,"column":47}},"15":{"start":{"line":43,"column":4},"end":{"line":45,"column":5}},"16":{"start":{"line":44,"column":8},"end":{"line":44,"column":84}},"17":{"start":{"line":46,"column":4},"end":{"line":46,"column":17}},"18":{"start":{"line":49,"column":4},"end":{"line":49,"column":51}},"19":{"start":{"line":49,"column":32},"end":{"line":49,"column":49}},"20":{"start":{"line":50,"column":14},"end":{"line":50,"column":34}},"21":{"start":{"line":51,"column":4},"end":{"line":51,"column":54}},"22":{"start":{"line":54,"column":4},"end":{"line":54,"column":51}},"23":{"start":{"line":54,"column":32},"end":{"line":54,"column":49}},"24":{"start":{"line":55,"column":22},"end":{"line":55,"column":38}},"25":{"start":{"line":56,"column":4},"end":{"line":58,"column":50}},"26":{"start":{"line":61,"column":4},"end":{"line":61,"column":48}},"27":{"start":{"line":64,"column":4},"end":{"line":64,"column":38}},"28":{"start":{"line":67,"column":4},"end":{"line":75,"column":5}},"29":{"start":{"line":68,"column":8},"end":{"line":74,"column":57}},"30":{"start":{"line":76,"column":4},"end":{"line":76,"column":17}},"31":{"start":{"line":79,"column":4},"end":{"line":155,"column":5}},"32":{"start":{"line":152,"column":12},"end":{"line":152,"column":24}},"33":{"start":{"line":154,"column":12},"end":{"line":154,"column":25}},"34":{"start":{"line":158,"column":4},"end":{"line":165,"column":5}},"35":{"start":{"line":159,"column":8},"end":{"line":164,"column":50}},"36":{"start":{"line":166,"column":4},"end":{"line":166,"column":17}},"37":{"start":{"line":169,"column":4},"end":{"line":169,"column":46}},"38":{"start":{"line":172,"column":4},"end":{"line":172,"column":58}},"39":{"start":{"line":175,"column":4},"end":{"line":175,"column":39}},"40":{"start":{"line":178,"column":4},"end":{"line":178,"column":57}},"41":{"start":{"line":181,"column":4},"end":{"line":181,"column":37}}},"fnMap":{"0":{"name":"isBoolean","decl":{"start":{"line":13,"column":9},"end":{"line":13,"column":18}},"loc":{"start":{"line":13,"column":25},"end":{"line":15,"column":1}},"line":13},"1":{"name":"isJson","decl":{"start":{"line":16,"column":9},"end":{"line":16,"column":15}},"loc":{"start":{"line":16,"column":21},"end":{"line":27,"column":1}},"line":16},"2":{"name":"isFunction","decl":{"start":{"line":28,"column":9},"end":{"line":28,"column":19}},"loc":{"start":{"line":28,"column":26},"end":{"line":34,"column":1}},"line":28},"3":{"name":"isObject","decl":{"start":{"line":35,"column":9},"end":{"line":35,"column":17}},"loc":{"start":{"line":35,"column":26},"end":{"line":37,"column":1}},"line":35},"4":{"name":"isArray","decl":{"start":{"line":38,"column":9},"end":{"line":38,"column":16}},"loc":{"start":{"line":38,"column":24},"end":{"line":40,"column":1}},"line":38},"5":{"name":"isAscii","decl":{"start":{"line":41,"column":9},"end":{"line":41,"column":16}},"loc":{"start":{"line":41,"column":33},"end":{"line":47,"column":1}},"line":41},"6":{"name":"isInteger","decl":{"start":{"line":48,"column":9},"end":{"line":48,"column":18}},"loc":{"start":{"line":48,"column":38},"end":{"line":52,"column":1}},"line":48},"7":{"name":"isFloat","decl":{"start":{"line":53,"column":9},"end":{"line":53,"column":16}},"loc":{"start":{"line":53,"column":36},"end":{"line":59,"column":1}},"line":53},"8":{"name":"isNumber","decl":{"start":{"line":60,"column":9},"end":{"line":60,"column":17}},"loc":{"start":{"line":60,"column":26},"end":{"line":62,"column":1}},"line":60},"9":{"name":"isString","decl":{"start":{"line":63,"column":9},"end":{"line":63,"column":17}},"loc":{"start":{"line":63,"column":26},"end":{"line":65,"column":1}},"line":63},"10":{"name":"isHtmlElement","decl":{"start":{"line":66,"column":9},"end":{"line":66,"column":22}},"loc":{"start":{"line":66,"column":36},"end":{"line":77,"column":1}},"line":66},"11":{"name":"isHtmlEventAttribute","decl":{"start":{"line":78,"column":9},"end":{"line":78,"column":29}},"loc":{"start":{"line":78,"column":50},"end":{"line":156,"column":1}},"line":78},"12":{"name":"isNode","decl":{"start":{"line":157,"column":9},"end":{"line":157,"column":15}},"loc":{"start":{"line":157,"column":22},"end":{"line":167,"column":1}},"line":157},"13":{"name":"isEven","decl":{"start":{"line":168,"column":9},"end":{"line":168,"column":15}},"loc":{"start":{"line":168,"column":24},"end":{"line":170,"column":1}},"line":168},"14":{"name":"isOdd","decl":{"start":{"line":171,"column":9},"end":{"line":171,"column":14}},"loc":{"start":{"line":171,"column":23},"end":{"line":173,"column":1}},"line":171},"15":{"name":"isOrigin","decl":{"start":{"line":174,"column":9},"end":{"line":174,"column":17}},"loc":{"start":{"line":174,"column":26},"end":{"line":176,"column":1}},"line":174},"16":{"name":"isPositive","decl":{"start":{"line":177,"column":9},"end":{"line":177,"column":19}},"loc":{"start":{"line":177,"column":28},"end":{"line":179,"column":1}},"line":177},"17":{"name":"isNegative","decl":{"start":{"line":180,"column":9},"end":{"line":180,"column":19}},"loc":{"start":{"line":180,"column":28},"end":{"line":182,"column":1}},"line":180}},"branchMap":{"0":{"loc":{"start":{"line":17,"column":4},"end":{"line":19,"column":5}},"type":"if","locations":[{"start":{"line":17,"column":4},"end":{"line":19,"column":5}},{"start":{"line":17,"column":4},"end":{"line":19,"column":5}}],"line":17},"1":{"loc":{"start":{"line":29,"column":4},"end":{"line":32,"column":5}},"type":"if","locations":[{"start":{"line":29,"column":4},"end":{"line":32,"column":5}},{"start":{"line":29,"column":4},"end":{"line":32,"column":5}}],"line":29},"2":{"loc":{"start":{"line":31,"column":15},"end":{"line":31,"column":74}},"type":"binary-expr","locations":[{"start":{"line":31,"column":15},"end":{"line":31,"column":19}},{"start":{"line":31,"column":23},"end":{"line":31,"column":74}}],"line":31},"3":{"loc":{"start":{"line":36,"column":11},"end":{"line":36,"column":76}},"type":"binary-expr","locations":[{"start":{"line":36,"column":11},"end":{"line":36,"column":26}},{"start":{"line":36,"column":30},"end":{"line":36,"column":56}},{"start":{"line":36,"column":60},"end":{"line":36,"column":76}}],"line":36},"4":{"loc":{"start":{"line":39,"column":11},"end":{"line":39,"column":56}},"type":"binary-expr","locations":[{"start":{"line":39,"column":11},"end":{"line":39,"column":25}},{"start":{"line":39,"column":29},"end":{"line":39,"column":56}}],"line":39},"5":{"loc":{"start":{"line":42,"column":4},"end":{"line":42,"column":49}},"type":"if","locations":[{"start":{"line":42,"column":4},"end":{"line":42,"column":49}},{"start":{"line":42,"column":4},"end":{"line":42,"column":49}}],"line":42},"6":{"loc":{"start":{"line":43,"column":4},"end":{"line":45,"column":5}},"type":"if","locations":[{"start":{"line":43,"column":4},"end":{"line":45,"column":5}},{"start":{"line":43,"column":4},"end":{"line":45,"column":5}}],"line":43},"7":{"loc":{"start":{"line":44,"column":15},"end":{"line":44,"column":83}},"type":"binary-expr","locations":[{"start":{"line":44,"column":16},"end":{"line":44,"column":24}},{"start":{"line":44,"column":28},"end":{"line":44,"column":37}},{"start":{"line":44,"column":41},"end":{"line":44,"column":52}},{"start":{"line":44,"column":58},"end":{"line":44,"column":67}},{"start":{"line":44,"column":71},"end":{"line":44,"column":82}}],"line":44},"8":{"loc":{"start":{"line":49,"column":4},"end":{"line":49,"column":51}},"type":"if","locations":[{"start":{"line":49,"column":4},"end":{"line":49,"column":51}},{"start":{"line":49,"column":4},"end":{"line":49,"column":51}}],"line":49},"9":{"loc":{"start":{"line":51,"column":11},"end":{"line":51,"column":53}},"type":"cond-expr","locations":[{"start":{"line":51,"column":23},"end":{"line":51,"column":37}},{"start":{"line":51,"column":40},"end":{"line":51,"column":53}}],"line":51},"10":{"loc":{"start":{"line":54,"column":4},"end":{"line":54,"column":51}},"type":"if","locations":[{"start":{"line":54,"column":4},"end":{"line":54,"column":51}},{"start":{"line":54,"column":4},"end":{"line":54,"column":51}}],"line":54},"11":{"loc":{"start":{"line":56,"column":11},"end":{"line":58,"column":49}},"type":"cond-expr","locations":[{"start":{"line":57,"column":10},"end":{"line":57,"column":50}},{"start":{"line":58,"column":10},"end":{"line":58,"column":49}}],"line":56},"12":{"loc":{"start":{"line":57,"column":10},"end":{"line":57,"column":50}},"type":"binary-expr","locations":[{"start":{"line":57,"column":10},"end":{"line":57,"column":35}},{"start":{"line":57,"column":39},"end":{"line":57,"column":50}}],"line":57},"13":{"loc":{"start":{"line":58,"column":10},"end":{"line":58,"column":49}},"type":"binary-expr","locations":[{"start":{"line":58,"column":10},"end":{"line":58,"column":34}},{"start":{"line":58,"column":38},"end":{"line":58,"column":49}}],"line":58},"14":{"loc":{"start":{"line":61,"column":11},"end":{"line":61,"column":47}},"type":"binary-expr","locations":[{"start":{"line":61,"column":11},"end":{"line":61,"column":28}},{"start":{"line":61,"column":32},"end":{"line":61,"column":47}}],"line":61},"15":{"loc":{"start":{"line":67,"column":4},"end":{"line":75,"column":5}},"type":"if","locations":[{"start":{"line":67,"column":4},"end":{"line":75,"column":5}},{"start":{"line":67,"column":4},"end":{"line":75,"column":5}}],"line":67},"16":{"loc":{"start":{"line":68,"column":15},"end":{"line":74,"column":56}},"type":"cond-expr","locations":[{"start":{"line":69,"column":14},"end":{"line":69,"column":48}},{"start":{"line":70,"column":14},"end":{"line":74,"column":56}}],"line":68},"17":{"loc":{"start":{"line":70,"column":14},"end":{"line":74,"column":56}},"type":"binary-expr","locations":[{"start":{"line":70,"column":14},"end":{"line":70,"column":25}},{"start":{"line":71,"column":16},"end":{"line":71,"column":47}},{"start":{"line":72,"column":16},"end":{"line":72,"column":36}},{"start":{"line":73,"column":16},"end":{"line":73,"column":42}},{"start":{"line":74,"column":16},"end":{"line":74,"column":56}}],"line":70},"18":{"loc":{"start":{"line":79,"column":4},"end":{"line":155,"column":5}},"type":"switch","locations":[{"start":{"line":80,"column":8},"end":{"line":80,"column":28}},{"start":{"line":81,"column":8},"end":{"line":81,"column":29}},{"start":{"line":82,"column":8},"end":{"line":82,"column":30}},{"start":{"line":83,"column":8},"end":{"line":83,"column":23}},{"start":{"line":84,"column":8},"end":{"line":84,"column":28}},{"start":{"line":85,"column":8},"end":{"line":85,"column":22}},{"start":{"line":86,"column":8},"end":{"line":86,"column":25}},{"start":{"line":87,"column":8},"end":{"line":87,"column":25}},{"start":{"line":88,"column":8},"end":{"line":88,"column":24}},{"start":{"line":89,"column":8},"end":{"line":89,"column":26}},{"start":{"line":90,"column":8},"end":{"line":90,"column":26}},{"start":{"line":91,"column":8},"end":{"line":91,"column":26}},{"start":{"line":92,"column":8},"end":{"line":92,"column":24}},{"start":{"line":93,"column":8},"end":{"line":93,"column":25}},{"start":{"line":94,"column":8},"end":{"line":94,"column":24}},{"start":{"line":95,"column":8},"end":{"line":95,"column":22}},{"start":{"line":96,"column":8},"end":{"line":96,"column":24}},{"start":{"line":97,"column":8},"end":{"line":97,"column":29}},{"start":{"line":98,"column":8},"end":{"line":98,"column":23}},{"start":{"line":99,"column":8},"end":{"line":99,"column":23}},{"start":{"line":100,"column":8},"end":{"line":100,"column":25}},{"start":{"line":101,"column":8},"end":{"line":101,"column":23}},{"start":{"line":102,"column":8},"end":{"line":102,"column":24}},{"start":{"line":103,"column":8},"end":{"line":103,"column":24}},{"start":{"line":104,"column":8},"end":{"line":104,"column":24}},{"start":{"line":105,"column":8},"end":{"line":105,"column":25}},{"start":{"line":106,"column":8},"end":{"line":106,"column":26}},{"start":{"line":107,"column":8},"end":{"line":107,"column":23}},{"start":{"line":108,"column":8},"end":{"line":108,"column":23}},{"start":{"line":109,"column":8},"end":{"line":109,"column":26}},{"start":{"line":110,"column":8},"end":{"line":110,"column":27}},{"start":{"line":111,"column":8},"end":{"line":111,"column":27}},{"start":{"line":112,"column":8},"end":{"line":112,"column":26}},{"start":{"line":113,"column":8},"end":{"line":113,"column":27}},{"start":{"line":114,"column":8},"end":{"line":114,"column":25}},{"start":{"line":115,"column":8},"end":{"line":115,"column":28}},{"start":{"line":116,"column":8},"end":{"line":116,"column":23}},{"start":{"line":117,"column":8},"end":{"line":117,"column":22}},{"start":{"line":118,"column":8},"end":{"line":118,"column":25}},{"start":{"line":119,"column":8},"end":{"line":119,"column":27}},{"start":{"line":120,"column":8},"end":{"line":120,"column":27}},{"start":{"line":121,"column":8},"end":{"line":121,"column":26}},{"start":{"line":122,"column":8},"end":{"line":122,"column":27}},{"start":{"line":123,"column":8},"end":{"line":123,"column":22}},{"start":{"line":124,"column":8},"end":{"line":124,"column":24}},{"start":{"line":125,"column":8},"end":{"line":125,"column":22}},{"start":{"line":126,"column":8},"end":{"line":126,"column":21}},{"start":{"line":127,"column":8},"end":{"line":127,"column":23}},{"start":{"line":128,"column":8},"end":{"line":128,"column":23}},{"start":{"line":129,"column":8},"end":{"line":129,"column":25}},{"start":{"line":130,"column":8},"end":{"line":130,"column":32}},{"start":{"line":131,"column":8},"end":{"line":131,"column":27}},{"start":{"line":132,"column":8},"end":{"line":132,"column":32}},{"start":{"line":133,"column":8},"end":{"line":133,"column":25}},{"start":{"line":134,"column":8},"end":{"line":134,"column":23}},{"start":{"line":135,"column":8},"end":{"line":135,"column":23}},{"start":{"line":136,"column":8},"end":{"line":136,"column":28}},{"start":{"line":137,"column":8},"end":{"line":137,"column":32}},{"start":{"line":138,"column":8},"end":{"line":138,"column":27}},{"start":{"line":139,"column":8},"end":{"line":139,"column":23}},{"start":{"line":140,"column":8},"end":{"line":140,"column":22}},{"start":{"line":141,"column":8},"end":{"line":141,"column":25}},{"start":{"line":142,"column":8},"end":{"line":142,"column":26}},{"start":{"line":143,"column":8},"end":{"line":143,"column":28}},{"start":{"line":144,"column":8},"end":{"line":144,"column":24}},{"start":{"line":145,"column":8},"end":{"line":145,"column":25}},{"start":{"line":146,"column":8},"end":{"line":146,"column":25}},{"start":{"line":147,"column":8},"end":{"line":147,"column":25}},{"start":{"line":148,"column":8},"end":{"line":148,"column":28}},{"start":{"line":149,"column":8},"end":{"line":149,"column":30}},{"start":{"line":150,"column":8},"end":{"line":150,"column":25}},{"start":{"line":151,"column":8},"end":{"line":152,"column":24}},{"start":{"line":153,"column":8},"end":{"line":154,"column":25}}],"line":79},"19":{"loc":{"start":{"line":158,"column":4},"end":{"line":165,"column":5}},"type":"if","locations":[{"start":{"line":158,"column":4},"end":{"line":165,"column":5}},{"start":{"line":158,"column":4},"end":{"line":165,"column":5}}],"line":158},"20":{"loc":{"start":{"line":159,"column":15},"end":{"line":164,"column":49}},"type":"cond-expr","locations":[{"start":{"line":160,"column":14},"end":{"line":160,"column":34}},{"start":{"line":161,"column":14},"end":{"line":164,"column":49}}],"line":159},"21":{"loc":{"start":{"line":161,"column":14},"end":{"line":164,"column":49}},"type":"binary-expr","locations":[{"start":{"line":161,"column":14},"end":{"line":161,"column":18}},{"start":{"line":162,"column":16},"end":{"line":162,"column":40}},{"start":{"line":163,"column":16},"end":{"line":163,"column":49}},{"start":{"line":164,"column":16},"end":{"line":164,"column":49}}],"line":161},"22":{"loc":{"start":{"line":169,"column":11},"end":{"line":169,"column":45}},"type":"binary-expr","locations":[{"start":{"line":169,"column":11},"end":{"line":169,"column":28}},{"start":{"line":169,"column":32},"end":{"line":169,"column":45}}],"line":169},"23":{"loc":{"start":{"line":172,"column":11},"end":{"line":172,"column":57}},"type":"cond-expr","locations":[{"start":{"line":172,"column":45},"end":{"line":172,"column":49}},{"start":{"line":172,"column":52},"end":{"line":172,"column":57}}],"line":172},"24":{"loc":{"start":{"line":172,"column":11},"end":{"line":172,"column":42}},"type":"binary-expr","locations":[{"start":{"line":172,"column":11},"end":{"line":172,"column":28}},{"start":{"line":172,"column":32},"end":{"line":172,"column":42}}],"line":172},"25":{"loc":{"start":{"line":175,"column":11},"end":{"line":175,"column":38}},"type":"cond-expr","locations":[{"start":{"line":175,"column":26},"end":{"line":175,"column":30}},{"start":{"line":175,"column":33},"end":{"line":175,"column":38}}],"line":175},"26":{"loc":{"start":{"line":178,"column":11},"end":{"line":178,"column":56}},"type":"cond-expr","locations":[{"start":{"line":178,"column":44},"end":{"line":178,"column":48}},{"start":{"line":178,"column":51},"end":{"line":178,"column":56}}],"line":178},"27":{"loc":{"start":{"line":178,"column":11},"end":{"line":178,"column":41}},"type":"binary-expr","locations":[{"start":{"line":178,"column":11},"end":{"line":178,"column":27}},{"start":{"line":178,"column":31},"end":{"line":178,"column":41}}],"line":178},"28":{"loc":{"start":{"line":181,"column":11},"end":{"line":181,"column":36}},"type":"cond-expr","locations":[{"start":{"line":181,"column":24},"end":{"line":181,"column":28}},{"start":{"line":181,"column":31},"end":{"line":181,"column":36}}],"line":181}},"s":{"0":19,"1":19,"2":16,"3":3,"4":3,"5":2,"6":1,"7":19,"8":16,"9":16,"10":3,"11":19,"12":24,"13":30,"14":19,"15":30,"16":14,"17":16,"18":135,"19":130,"20":135,"21":135,"22":57,"23":52,"24":57,"25":57,"26":38,"27":38,"28":19,"29":16,"30":3,"31":21,"32":1,"33":20,"34":19,"35":16,"36":3,"37":19,"38":19,"39":19,"40":19,"41":19},"f":{"0":19,"1":19,"2":19,"3":19,"4":24,"5":30,"6":135,"7":57,"8":38,"9":38,"10":19,"11":21,"12":19,"13":19,"14":19,"15":19,"16":19,"17":19},"b":{"0":[16,3],"1":[16,3],"2":[16,16],"3":[19,18,5],"4":[24,23],"5":[19,11],"6":[14,16],"7":[14,7,5,10,6],"8":[130,5],"9":[130,5],"10":[52,5],"11":[52,5],"12":[52,11],"13":[5,3],"14":[38,28],"15":[16,3],"16":[0,16],"17":[16,16,5,5,1],"18":[0,0,0,0,0,0,0,0,0,0,0,0,0,0,0,0,0,0,0,0,0,0,0,0,0,0,0,0,1,1,1,1,1,1,1,1,1,1,1,1,1,1,1,1,1,1,1,1,1,1,1,1,1,1,1,1,1,1,1,1,1,1,1,1,1,1,1,1,1,1,1,1,20],"19":[16,3],"20":[0,16],"21":[16,16,5,2],"22":[19,5],"23":[2,17],"24":[19,5],"25":[1,18],"26":[3,16],"27":[19,7],"28":[3,16]},"_coverageSchema":"43e27e138ebf9cfc5966b082cf9a028302ed4184","hash":"b07a225d62357c216ba2bf19438dbd6af5dd40b1"}
}
