TN:
SF:/Users/lcluber/Projects/github/Ch.js/dist/ch.js
FN:13,isBoolean
FN:16,isJson
FN:28,isFunction
FN:35,isObject
FN:38,isArray
FN:41,isAscii
FN:47,isInteger
FN:52,isFloat
FN:55,isNumber
FN:58,isString
FN:61,isHtmlElement
FN:73,isHtmlEventAttribute
FN:152,isNode
FN:163,isEven
FN:166,isOdd
FN:169,isOrigin
FN:172,isPositive
FN:175,isNegative
FNF:18
FNH:18
FNDA:19,isBoolean
FNDA:19,isJson
FNDA:19,isFunction
FNDA:19,isObject
FNDA:24,isArray
FNDA:30,isAscii
FNDA:131,isInteger
FNDA:47,isFloat
FNDA:38,isNumber
FNDA:38,isString
FNDA:19,isHtmlElement
FNDA:21,isHtmlEventAttribute
FNDA:19,isNode
FNDA:19,isEven
FNDA:19,isOdd
FNDA:19,isOrigin
FNDA:19,isPositive
FNDA:19,isNegative
DA:14,19
DA:17,19
DA:18,16
DA:20,3
DA:21,3
DA:24,2
DA:26,1
DA:29,19
DA:30,16
DA:31,16
DA:33,3
DA:36,19
DA:39,24
DA:42,30
DA:43,14
DA:45,16
DA:48,131
DA:49,131
DA:50,131
DA:53,47
DA:56,38
DA:59,38
DA:62,19
DA:63,16
DA:71,3
DA:74,21
DA:147,1
DA:149,20
DA:153,19
DA:154,16
DA:161,3
DA:164,19
DA:167,19
DA:170,19
DA:173,19
DA:176,19
LF:36
LH:36
BRDA:17,0,0,16
BRDA:17,0,1,3
BRDA:29,1,0,16
BRDA:29,1,1,3
BRDA:31,2,0,16
BRDA:31,2,1,16
BRDA:36,3,0,19
BRDA:36,3,1,18
BRDA:36,3,2,5
BRDA:39,4,0,24
BRDA:39,4,1,23
BRDA:42,5,0,14
BRDA:42,5,1,16
BRDA:43,6,0,14
BRDA:43,6,1,7
BRDA:43,6,2,5
BRDA:43,6,3,10
BRDA:43,6,4,6
BRDA:48,7,0,128
BRDA:48,7,1,3
BRDA:50,8,0,128
BRDA:50,8,1,3
BRDA:53,9,0,47
BRDA:53,9,1,11
BRDA:56,10,0,38
BRDA:56,10,1,28
BRDA:62,11,0,16
BRDA:62,11,1,3
BRDA:63,12,0,0
BRDA:63,12,1,16
BRDA:65,13,0,16
BRDA:65,13,1,16
BRDA:65,13,2,5
BRDA:65,13,3,5
BRDA:65,13,4,1
BRDA:74,14,0,0
BRDA:74,14,1,0
BRDA:74,14,2,0
BRDA:74,14,3,0
BRDA:74,14,4,0
BRDA:74,14,5,0
BRDA:74,14,6,0
BRDA:74,14,7,0
BRDA:74,14,8,0
BRDA:74,14,9,0
BRDA:74,14,10,0
BRDA:74,14,11,0
BRDA:74,14,12,0
BRDA:74,14,13,0
BRDA:74,14,14,0
BRDA:74,14,15,0
BRDA:74,14,16,0
BRDA:74,14,17,0
BRDA:74,14,18,0
BRDA:74,14,19,0
BRDA:74,14,20,0
BRDA:74,14,21,0
BRDA:74,14,22,0
BRDA:74,14,23,0
BRDA:74,14,24,0
BRDA:74,14,25,0
BRDA:74,14,26,0
BRDA:74,14,27,0
BRDA:74,14,28,1
BRDA:74,14,29,1
BRDA:74,14,30,1
BRDA:74,14,31,1
BRDA:74,14,32,1
BRDA:74,14,33,1
BRDA:74,14,34,1
BRDA:74,14,35,1
BRDA:74,14,36,1
BRDA:74,14,37,1
BRDA:74,14,38,1
BRDA:74,14,39,1
BRDA:74,14,40,1
BRDA:74,14,41,1
BRDA:74,14,42,1
BRDA:74,14,43,1
BRDA:74,14,44,1
BRDA:74,14,45,1
BRDA:74,14,46,1
BRDA:74,14,47,1
BRDA:74,14,48,1
BRDA:74,14,49,1
BRDA:74,14,50,1
BRDA:74,14,51,1
BRDA:74,14,52,1
BRDA:74,14,53,1
BRDA:74,14,54,1
BRDA:74,14,55,1
BRDA:74,14,56,1
BRDA:74,14,57,1
BRDA:74,14,58,1
BRDA:74,14,59,1
BRDA:74,14,60,1
BRDA:74,14,61,1
BRDA:74,14,62,1
BRDA:74,14,63,1
BRDA:74,14,64,1
BRDA:74,14,65,1
BRDA:74,14,66,1
BRDA:74,14,67,1
BRDA:74,14,68,1
BRDA:74,14,69,1
BRDA:74,14,70,1
BRDA:74,14,71,1
BRDA:74,14,72,20
BRDA:153,15,0,16
BRDA:153,15,1,3
BRDA:154,16,0,0
BRDA:154,16,1,16
BRDA:156,17,0,16
BRDA:156,17,1,16
BRDA:156,17,2,5
BRDA:156,17,3,2
BRDA:164,18,0,19
BRDA:164,18,1,5
BRDA:167,19,0,2
BRDA:167,19,1,17
BRDA:167,20,0,19
BRDA:167,20,1,5
BRDA:170,21,0,1
BRDA:170,21,1,18
BRDA:173,22,0,3
BRDA:173,22,1,16
BRDA:173,23,0,19
BRDA:173,23,1,7
BRDA:176,24,0,3
BRDA:176,24,1,16
BRF:130
BRH:100
end_of_record
