TN:
SF:/Users/lcluber/Projects/github/Ch.js/dist/ch.js
FN:13,isBoolean
FN:16,isJson
FN:28,isFunction
FN:35,isObject
FN:38,isArray
FN:41,isAscii
FN:47,isInteger
FN:50,isFloat
FN:53,isNumber
FN:56,isString
FN:59,isHtmlElement
FN:71,isHtmlEventAttribute
FN:150,isNode
FN:161,isEven
FN:164,isOdd
FN:167,isOrigin
FN:170,isPositive
FN:173,isNegative
FNF:18
FNH:18
FNDA:19,isBoolean
FNDA:19,isJson
FNDA:19,isFunction
FNDA:19,isObject
FNDA:24,isArray
FNDA:30,isAscii
FNDA:127,isInteger
FNDA:47,isFloat
FNDA:38,isNumber
FNDA:38,isString
FNDA:19,isHtmlElement
FNDA:21,isHtmlEventAttribute
FNDA:19,isNode
FNDA:19,isEven
FNDA:19,isOdd
FNDA:19,isOrigin
FNDA:19,isPositive
FNDA:19,isNegative
DA:14,19
DA:17,19
DA:18,16
DA:20,3
DA:21,3
DA:24,2
DA:26,1
DA:29,19
DA:30,16
DA:31,16
DA:33,3
DA:36,19
DA:39,24
DA:42,30
DA:43,14
DA:45,16
DA:48,127
DA:51,47
DA:54,38
DA:57,38
DA:60,19
DA:61,16
DA:69,3
DA:72,21
DA:145,1
DA:147,20
DA:151,19
DA:152,16
DA:159,3
DA:162,19
DA:165,19
DA:168,19
DA:171,19
DA:174,19
LF:34
LH:34
BRDA:17,0,0,16
BRDA:17,0,1,3
BRDA:29,1,0,16
BRDA:29,1,1,3
BRDA:31,2,0,16
BRDA:31,2,1,16
BRDA:36,3,0,19
BRDA:36,3,1,18
BRDA:36,3,2,5
BRDA:39,4,0,24
BRDA:39,4,1,23
BRDA:42,5,0,14
BRDA:42,5,1,16
BRDA:43,6,0,14
BRDA:43,6,1,7
BRDA:43,6,2,5
BRDA:43,6,3,10
BRDA:43,6,4,6
BRDA:51,7,0,47
BRDA:51,7,1,11
BRDA:54,8,0,38
BRDA:54,8,1,28
BRDA:60,9,0,16
BRDA:60,9,1,3
BRDA:61,10,0,0
BRDA:61,10,1,16
BRDA:63,11,0,16
BRDA:63,11,1,16
BRDA:63,11,2,5
BRDA:63,11,3,5
BRDA:63,11,4,1
BRDA:72,12,0,0
BRDA:72,12,1,0
BRDA:72,12,2,0
BRDA:72,12,3,0
BRDA:72,12,4,0
BRDA:72,12,5,0
BRDA:72,12,6,0
BRDA:72,12,7,0
BRDA:72,12,8,0
BRDA:72,12,9,0
BRDA:72,12,10,0
BRDA:72,12,11,0
BRDA:72,12,12,0
BRDA:72,12,13,0
BRDA:72,12,14,0
BRDA:72,12,15,0
BRDA:72,12,16,0
BRDA:72,12,17,0
BRDA:72,12,18,0
BRDA:72,12,19,0
BRDA:72,12,20,0
BRDA:72,12,21,0
BRDA:72,12,22,0
BRDA:72,12,23,0
BRDA:72,12,24,0
BRDA:72,12,25,0
BRDA:72,12,26,0
BRDA:72,12,27,0
BRDA:72,12,28,1
BRDA:72,12,29,1
BRDA:72,12,30,1
BRDA:72,12,31,1
BRDA:72,12,32,1
BRDA:72,12,33,1
BRDA:72,12,34,1
BRDA:72,12,35,1
BRDA:72,12,36,1
BRDA:72,12,37,1
BRDA:72,12,38,1
BRDA:72,12,39,1
BRDA:72,12,40,1
BRDA:72,12,41,1
BRDA:72,12,42,1
BRDA:72,12,43,1
BRDA:72,12,44,1
BRDA:72,12,45,1
BRDA:72,12,46,1
BRDA:72,12,47,1
BRDA:72,12,48,1
BRDA:72,12,49,1
BRDA:72,12,50,1
BRDA:72,12,51,1
BRDA:72,12,52,1
BRDA:72,12,53,1
BRDA:72,12,54,1
BRDA:72,12,55,1
BRDA:72,12,56,1
BRDA:72,12,57,1
BRDA:72,12,58,1
BRDA:72,12,59,1
BRDA:72,12,60,1
BRDA:72,12,61,1
BRDA:72,12,62,1
BRDA:72,12,63,1
BRDA:72,12,64,1
BRDA:72,12,65,1
BRDA:72,12,66,1
BRDA:72,12,67,1
BRDA:72,12,68,1
BRDA:72,12,69,1
BRDA:72,12,70,1
BRDA:72,12,71,1
BRDA:72,12,72,20
BRDA:151,13,0,16
BRDA:151,13,1,3
BRDA:152,14,0,0
BRDA:152,14,1,16
BRDA:154,15,0,16
BRDA:154,15,1,16
BRDA:154,15,2,5
BRDA:154,15,3,2
BRDA:162,16,0,19
BRDA:162,16,1,5
BRDA:165,17,0,2
BRDA:165,17,1,17
BRDA:165,18,0,19
BRDA:165,18,1,5
BRDA:168,19,0,1
BRDA:168,19,1,18
BRDA:171,20,0,3
BRDA:171,20,1,16
BRDA:171,21,0,19
BRDA:171,21,1,7
BRDA:174,22,0,3
BRDA:174,22,1,16
BRF:126
BRH:96
end_of_record
